<?xml version="1.0" encoding="UTF-8"?>
<!-- Generated by org.testng.reporters.JUnitReportReporter -->
<testsuite hostname="Aj28" failures="0" tests="5" name="testcases.VideoGameDemo" time="4.527" errors="0" timestamp="2022-11-28T21:32:26 IST" skipped="0">
  <testcase classname="testcases.VideoGameDemo" name="GetAllVideoGames" time="2.659"/>
  <system-out/>
  <testcase classname="testcases.VideoGameDemo" name="PostVideoGame" time="0.584"/>
  <system-out/>
  <testcase classname="testcases.VideoGameDemo" name="PutVideoGame" time="1.174"/>
  <system-out/>
  <testcase classname="testcases.VideoGameDemo" name="getVideoGame" time="0.073"/>
  <system-out/>
  <testcase classname="testcases.VideoGameDemo" name="deleteVideoGame" time="0.037"/>
  <system-out/>
</testsuite> <!-- testcases.VideoGameDemo -->
